<?xml version="1.0" encoding="UTF-8"?>
<!-- Generated by org.testng.reporters.JUnitXMLReporter -->
<testsuite hostname="LAPTOP-PVBBVJ66" failures="0" tests="6" name="Default test" time="6.089" errors="0" timestamp="14 Mar 2025 11:37:02 GMT">
  <testcase classname="In.Amazon.EnglishWillowBat" name="@BeforeMethod Start" time="0.0">
    <failure type="org.testng.TestNGException" message="
Parameter &amp;apos;Ishraq&amp;apos; is required by @Configuration on method Start but has not been marked @Optional or defined
in C:\Users\Ishraq\AppData\Local\Temp\testng-eclipse--2050259240\testng-customsuite.xml">
      <![CDATA[org.testng.TestNGException: 
Parameter 'Ishraq' is required by @Configuration on method Start but has not been marked @Optional or defined
in C:\Users\Ishraq\AppData\Local\Temp\testng-eclipse--2050259240\testng-customsuite.xml
	at org.testng.internal.Parameters.createParameters(Parameters.java:155)
	at org.testng.internal.Parameters.createParameters(Parameters.java:358)
	at org.testng.internal.Parameters.createConfigurationParameters(Parameters.java:86)
	at org.testng.internal.Invoker.invokeConfigurations(Invoker.java:199)
	at org.testng.internal.Invoker.invokeMethod(Invoker.java:653)
	at org.testng.internal.Invoker.invokeTestMethod(Invoker.java:901)
	at org.testng.internal.Invoker.invokeTestMethods(Invoker.java:1231)
	at org.testng.internal.TestMethodWorker.invokeTestMethods(TestMethodWorker.java:127)
	at org.testng.internal.TestMethodWorker.run(TestMethodWorker.java:111)
	at org.testng.TestRunner.privateRun(TestRunner.java:767)
	at org.testng.TestRunner.run(TestRunner.java:617)
	at org.testng.SuiteRunner.runTest(SuiteRunner.java:348)
	at org.testng.SuiteRunner.runSequentially(SuiteRunner.java:343)
	at org.testng.SuiteRunner.privateRun(SuiteRunner.java:305)
	at org.testng.SuiteRunner.run(SuiteRunner.java:254)
	at org.testng.SuiteRunnerWorker.runSuite(SuiteRunnerWorker.java:52)
	at org.testng.SuiteRunnerWorker.run(SuiteRunnerWorker.java:86)
	at org.testng.TestNG.runSuitesSequentially(TestNG.java:1224)
	at org.testng.TestNG.runSuitesLocally(TestNG.java:1149)
	at org.testng.TestNG.run(TestNG.java:1057)
	at org.testng.remote.AbstractRemoteTestNG.run(AbstractRemoteTestNG.java:115)
	at org.testng.remote.RemoteTestNG.initAndRun(RemoteTestNG.java:293)
	at org.testng.remote.RemoteTestNG.main(RemoteTestNG.java:91)
]]>
    </failure>
  </testcase> <!-- @BeforeMethod Start -->
  <testcase classname="In.Amazon.EnglishWillowBat" name="@AfterMethod End" time="0.0">
    <skipped/>
  </testcase> <!-- @AfterMethod End -->
  <testcase classname="In.Amazon.EnglishWillowBat" name="@BeforeMethod Start" time="0.0">
    <skipped/>
  </testcase> <!-- @BeforeMethod Start -->
  <testcase classname="In.Amazon.EnglishWillowBat" name="@AfterMethod End" time="0.0">
    <skipped/>
  </testcase> <!-- @AfterMethod End -->
  <testcase classname="In.Amazon.EnglishWillowBat" name="@BeforeMethod Start" time="0.0">
    <skipped/>
  </testcase> <!-- @BeforeMethod Start -->
  <testcase classname="In.Amazon.EnglishWillowBat" name="@AfterMethod End" time="0.0">
    <skipped/>
  </testcase> <!-- @AfterMethod End -->
  <testcase classname="In.Amazon.EnglishWillowBat" name="@BeforeMethod Start" time="0.0">
    <skipped/>
  </testcase> <!-- @BeforeMethod Start -->
  <testcase classname="In.Amazon.EnglishWillowBat" name="@AfterMethod End" time="0.0">
    <skipped/>
  </testcase> <!-- @AfterMethod End -->
  <testcase classname="In.Amazon.EnglishWillowBat" name="@BeforeMethod Start" time="0.0">
    <skipped/>
  </testcase> <!-- @BeforeMethod Start -->
  <testcase classname="In.Amazon.EnglishWillowBat" name="@AfterMethod End" time="0.0">
    <skipped/>
  </testcase> <!-- @AfterMethod End -->
  <testcase classname="In.Amazon.EnglishWillowBat" name="@BeforeMethod Start" time="0.0">
    <skipped/>
  </testcase> <!-- @BeforeMethod Start -->
  <testcase classname="In.Amazon.EnglishWillowBat" name="@AfterMethod End" time="0.0">
    <skipped/>
  </testcase> <!-- @AfterMethod End -->
  <testcase classname="In.Amazon.EnglishWillowBat" name="@AfterClass closeBrowser" time="0.0">
    <skipped/>
  </testcase> <!-- @AfterClass closeBrowser -->
  <testcase classname="In.Amazon.EnglishWillowBat" name="Search_Bar" time="0.003">
    <skipped/>
  </testcase> <!-- Search_Bar -->
  <testcase classname="In.Amazon.EnglishWillowBat" name="Select_Item" time="0.002">
    <skipped/>
  </testcase> <!-- Select_Item -->
  <testcase classname="In.Amazon.EnglishWillowBat" name="Tab_Shift" time="0.002">
    <skipped/>
  </testcase> <!-- Tab_Shift -->
  <testcase classname="In.Amazon.EnglishWillowBat" name="Bat_Name" time="0.001">
    <skipped/>
  </testcase> <!-- Bat_Name -->
  <testcase classname="In.Amazon.EnglishWillowBat" name="SG_Bat" time="0.002">
    <skipped/>
  </testcase> <!-- SG_Bat -->
  <testcase classname="In.Amazon.EnglishWillowBat" name="Product_Price" time="0.001">
    <skipped/>
  </testcase> <!-- Product_Price -->
</testsuite> <!-- Default test -->
