<?xml version="1.0" encoding="UTF-8"?>
<!-- Generated by org.testng.reporters.JUnitXMLReporter -->
<testsuite hostname="LAPTOP-PVBBVJ66" failures="0" tests="6" name="Test1" time="4.158" errors="0" timestamp="16 Mar 2025 17:33:37 GMT">
  <testcase classname="In.Amazon.EnglishWillowBat" name="@BeforeClass LaunchBrowser" time="0.0">
    <failure type="org.openqa.selenium.SessionNotCreatedException" message="Could not start a new session. Response code 500. Message: session not created: This version of ChromeDriver only supports Chrome version 114
Current browser version is 134.0.6998.89 with binary path C:\Program Files\Google\Chrome\Application\chrome.exe 
Host info: host: &amp;apos;LAPTOP-PVBBVJ66&amp;apos;, ip: &amp;apos;192.168.0.105&amp;apos;
Build info: version: &amp;apos;4.27.0&amp;apos;, revision: &amp;apos;d6e718d134&amp;apos;
System info: os.name: &amp;apos;Windows 11&amp;apos;, os.arch: &amp;apos;amd64&amp;apos;, os.version: &amp;apos;10.0&amp;apos;, java.version: &amp;apos;17.0.5&amp;apos;
Driver info: org.openqa.selenium.chrome.ChromeDriver
Command: [null, newSession {capabilities=[Capabilities {browserName: chrome, goog:chromeOptions: {args: [], extensions: []}}]}]">
      <![CDATA[org.openqa.selenium.SessionNotCreatedException: Could not start a new session. Response code 500. Message: session not created: This version of ChromeDriver only supports Chrome version 114
Current browser version is 134.0.6998.89 with binary path C:\Program Files\Google\Chrome\Application\chrome.exe 
Host info: host: 'LAPTOP-PVBBVJ66', ip: '192.168.0.105'
Build info: version: '4.27.0', revision: 'd6e718d134'
System info: os.name: 'Windows 11', os.arch: 'amd64', os.version: '10.0', java.version: '17.0.5'
Driver info: org.openqa.selenium.chrome.ChromeDriver
Command: [null, newSession {capabilities=[Capabilities {browserName: chrome, goog:chromeOptions: {args: [], extensions: []}}]}]
	at org.openqa.selenium.remote.ProtocolHandshake.createSession(ProtocolHandshake.java:114)
	at org.openqa.selenium.remote.ProtocolHandshake.createSession(ProtocolHandshake.java:75)
	at org.openqa.selenium.remote.ProtocolHandshake.createSession(ProtocolHandshake.java:61)
	at org.openqa.selenium.remote.HttpCommandExecutor.execute(HttpCommandExecutor.java:162)
	at org.openqa.selenium.remote.service.DriverCommandExecutor.invokeExecute(DriverCommandExecutor.java:216)
	at org.openqa.selenium.remote.service.DriverCommandExecutor.execute(DriverCommandExecutor.java:174)
	at org.openqa.selenium.remote.RemoteWebDriver.execute(RemoteWebDriver.java:545)
	at org.openqa.selenium.remote.RemoteWebDriver.startSession(RemoteWebDriver.java:245)
	at org.openqa.selenium.remote.RemoteWebDriver.<init>(RemoteWebDriver.java:174)
	at org.openqa.selenium.chromium.ChromiumDriver.<init>(ChromiumDriver.java:114)
	at org.openqa.selenium.chrome.ChromeDriver.<init>(ChromeDriver.java:88)
	at org.openqa.selenium.chrome.ChromeDriver.<init>(ChromeDriver.java:83)
	at org.openqa.selenium.chrome.ChromeDriver.<init>(ChromeDriver.java:51)
	at In.Amazon.EnglishWillowBat.LaunchBrowser(EnglishWillowBat.java:63)
	at java.base/java.util.concurrent.FutureTask.run(FutureTask.java:264)
	at java.base/java.util.concurrent.ThreadPoolExecutor.runWorker(ThreadPoolExecutor.java:1136)
	at java.base/java.util.concurrent.ThreadPoolExecutor$Worker.run(ThreadPoolExecutor.java:635)
	at java.base/java.lang.Thread.run(Thread.java:833)
... Removed 16 stack frames]]>
    </failure>
  </testcase> <!-- @BeforeClass LaunchBrowser -->
  <testcase classname="In.Amazon.EnglishWillowBat" name="@BeforeMethod Start" time="0.0">
    <skipped/>
  </testcase> <!-- @BeforeMethod Start -->
  <testcase classname="In.Amazon.EnglishWillowBat" name="@AfterMethod End" time="0.0">
    <skipped/>
  </testcase> <!-- @AfterMethod End -->
  <testcase classname="In.Amazon.EnglishWillowBat" name="@BeforeMethod Start" time="0.0">
    <skipped/>
  </testcase> <!-- @BeforeMethod Start -->
  <testcase classname="In.Amazon.EnglishWillowBat" name="@AfterMethod End" time="0.0">
    <skipped/>
  </testcase> <!-- @AfterMethod End -->
  <testcase classname="In.Amazon.EnglishWillowBat" name="@BeforeMethod Start" time="0.0">
    <skipped/>
  </testcase> <!-- @BeforeMethod Start -->
  <testcase classname="In.Amazon.EnglishWillowBat" name="@AfterMethod End" time="0.0">
    <skipped/>
  </testcase> <!-- @AfterMethod End -->
  <testcase classname="In.Amazon.EnglishWillowBat" name="@BeforeMethod Start" time="0.0">
    <skipped/>
  </testcase> <!-- @BeforeMethod Start -->
  <testcase classname="In.Amazon.EnglishWillowBat" name="@AfterMethod End" time="0.0">
    <skipped/>
  </testcase> <!-- @AfterMethod End -->
  <testcase classname="In.Amazon.EnglishWillowBat" name="@BeforeMethod Start" time="0.0">
    <skipped/>
  </testcase> <!-- @BeforeMethod Start -->
  <testcase classname="In.Amazon.EnglishWillowBat" name="@AfterMethod End" time="0.0">
    <skipped/>
  </testcase> <!-- @AfterMethod End -->
  <testcase classname="In.Amazon.EnglishWillowBat" name="@BeforeMethod Start" time="0.0">
    <skipped/>
  </testcase> <!-- @BeforeMethod Start -->
  <testcase classname="In.Amazon.EnglishWillowBat" name="@AfterMethod End" time="0.0">
    <skipped/>
  </testcase> <!-- @AfterMethod End -->
  <testcase classname="In.Amazon.EnglishWillowBat" name="@AfterClass closeBrowser" time="0.0">
    <skipped/>
  </testcase> <!-- @AfterClass closeBrowser -->
  <testcase classname="In.Amazon.EnglishWillowBat" name="@AfterTest AT" time="0.0">
    <skipped/>
  </testcase> <!-- @AfterTest AT -->
  <testcase classname="In.Amazon.EnglishWillowBat" name="Search_Bar" time="0.002">
    <skipped/>
  </testcase> <!-- Search_Bar -->
  <testcase classname="In.Amazon.EnglishWillowBat" name="Select_Item" time="0.004">
    <skipped/>
  </testcase> <!-- Select_Item -->
  <testcase classname="In.Amazon.EnglishWillowBat" name="Tab_Shift" time="0.001">
    <skipped/>
  </testcase> <!-- Tab_Shift -->
  <testcase classname="In.Amazon.EnglishWillowBat" name="Bat_Name" time="0.001">
    <skipped/>
  </testcase> <!-- Bat_Name -->
  <testcase classname="In.Amazon.EnglishWillowBat" name="SG_Bat" time="0.002">
    <skipped/>
  </testcase> <!-- SG_Bat -->
  <testcase classname="In.Amazon.EnglishWillowBat" name="Product_Price" time="0.0">
    <skipped/>
  </testcase> <!-- Product_Price -->
</testsuite> <!-- Test1 -->
