<?xml version="1.0" encoding="UTF-8"?>
<!-- Generated by org.testng.reporters.JUnitXMLReporter -->
<testsuite hostname="LAPTOP-PVBBVJ66" failures="0" tests="6" name="Test2" time="2.402" errors="0" timestamp="16 Mar 2025 17:33:35 GMT">
  <testcase classname="In.Amazon.EnglishWillowBat" name="@BeforeMethod Start" time="0.0">
    <failure type="org.testng.TestNGException" message="
Parameter &amp;apos;Ishraq&amp;apos; is required by @Configuration on method Start but has not been marked @Optional or defined
in C:\Users\Ishraq\eclipse-workspace\Amazon.TestNG\testng.xml">
      <![CDATA[org.testng.TestNGException: 
Parameter 'Ishraq' is required by @Configuration on method Start but has not been marked @Optional or defined
in C:\Users\Ishraq\eclipse-workspace\Amazon.TestNG\testng.xml
	at java.base/java.util.concurrent.FutureTask.run(FutureTask.java:264)
	at java.base/java.util.concurrent.ThreadPoolExecutor.runWorker(ThreadPoolExecutor.java:1136)
	at java.base/java.util.concurrent.ThreadPoolExecutor$Worker.run(ThreadPoolExecutor.java:635)
	at java.base/java.lang.Thread.run(Thread.java:833)
... Removed 15 stack frames]]>
    </failure>
  </testcase> <!-- @BeforeMethod Start -->
  <testcase classname="In.Amazon.EnglishWillowBat" name="@AfterMethod End" time="0.0">
    <skipped/>
  </testcase> <!-- @AfterMethod End -->
  <testcase classname="In.Amazon.EnglishWillowBat" name="@BeforeMethod Start" time="0.0">
    <skipped/>
  </testcase> <!-- @BeforeMethod Start -->
  <testcase classname="In.Amazon.EnglishWillowBat" name="@AfterMethod End" time="0.0">
    <skipped/>
  </testcase> <!-- @AfterMethod End -->
  <testcase classname="In.Amazon.EnglishWillowBat" name="@BeforeMethod Start" time="0.0">
    <skipped/>
  </testcase> <!-- @BeforeMethod Start -->
  <testcase classname="In.Amazon.EnglishWillowBat" name="@AfterMethod End" time="0.0">
    <skipped/>
  </testcase> <!-- @AfterMethod End -->
  <testcase classname="In.Amazon.EnglishWillowBat" name="@BeforeMethod Start" time="0.0">
    <skipped/>
  </testcase> <!-- @BeforeMethod Start -->
  <testcase classname="In.Amazon.EnglishWillowBat" name="@AfterMethod End" time="0.0">
    <skipped/>
  </testcase> <!-- @AfterMethod End -->
  <testcase classname="In.Amazon.EnglishWillowBat" name="@BeforeMethod Start" time="0.0">
    <skipped/>
  </testcase> <!-- @BeforeMethod Start -->
  <testcase classname="In.Amazon.EnglishWillowBat" name="@AfterMethod End" time="0.0">
    <skipped/>
  </testcase> <!-- @AfterMethod End -->
  <testcase classname="In.Amazon.EnglishWillowBat" name="@BeforeMethod Start" time="0.0">
    <skipped/>
  </testcase> <!-- @BeforeMethod Start -->
  <testcase classname="In.Amazon.EnglishWillowBat" name="@AfterMethod End" time="0.0">
    <skipped/>
  </testcase> <!-- @AfterMethod End -->
  <testcase classname="In.Amazon.EnglishWillowBat" name="@AfterClass closeBrowser" time="0.0">
    <skipped/>
  </testcase> <!-- @AfterClass closeBrowser -->
  <testcase classname="In.Amazon.EnglishWillowBat" name="@AfterTest AT" time="0.0">
    <skipped/>
  </testcase> <!-- @AfterTest AT -->
  <testcase classname="In.Amazon.EnglishWillowBat" name="Search_Bar" time="0.002">
    <skipped/>
  </testcase> <!-- Search_Bar -->
  <testcase classname="In.Amazon.EnglishWillowBat" name="Select_Item" time="0.002">
    <skipped/>
  </testcase> <!-- Select_Item -->
  <testcase classname="In.Amazon.EnglishWillowBat" name="Tab_Shift" time="0.001">
    <skipped/>
  </testcase> <!-- Tab_Shift -->
  <testcase classname="In.Amazon.EnglishWillowBat" name="Bat_Name" time="0.001">
    <skipped/>
  </testcase> <!-- Bat_Name -->
  <testcase classname="In.Amazon.EnglishWillowBat" name="SG_Bat" time="0.002">
    <skipped/>
  </testcase> <!-- SG_Bat -->
  <testcase classname="In.Amazon.EnglishWillowBat" name="Product_Price" time="0.001">
    <skipped/>
  </testcase> <!-- Product_Price -->
</testsuite> <!-- Test2 -->
